Webkiosk/proguard/seeds.txt
com.blackMonster.webkiosk.AboutActivity
com.blackMonster.webkiosk.AboutActivity: AboutActivity()
com.blackMonster.webkiosk.AboutActivity: void fbClick(android.view.View)
com.blackMonster.webkiosk.ActivityCustomerSupport
com.blackMonster.webkiosk.ActivityCustomerSupport: ActivityCustomerSupport()
com.blackMonster.webkiosk.ActivityCustomerSupport: void buttonNext(android.view.View)
com.blackMonster.webkiosk.AlarmService
com.blackMonster.webkiosk.AlarmService: AlarmService()
com.blackMonster.webkiosk.AtndOverviewActivity
com.blackMonster.webkiosk.AtndOverviewActivity: AtndOverviewActivity()
com.blackMonster.webkiosk.BaseActivity
com.blackMonster.webkiosk.BaseActivity: BaseActivity()
com.blackMonster.webkiosk.DetailedAtndActivity
com.blackMonster.webkiosk.DetailedAtndActivity: DetailedAtndActivity()
com.blackMonster.webkiosk.IntentReceiver
com.blackMonster.webkiosk.IntentReceiver: IntentReceiver()
com.blackMonster.webkiosk.LoginActivity
com.blackMonster.webkiosk.LoginActivity: LoginActivity()
com.blackMonster.webkiosk.LoginActivity: void ButtonLogin(android.view.View)
com.blackMonster.webkiosk.LogoutActivity
com.blackMonster.webkiosk.LogoutActivity: LogoutActivity()
com.blackMonster.webkiosk.MainActivity
com.blackMonster.webkiosk.MainActivity: MainActivity()
com.blackMonster.webkiosk.PrefsActivity
com.blackMonster.webkiosk.PrefsActivity: PrefsActivity()
com.blackMonster.webkiosk.R$anim: int abc_fade_in
com.blackMonster.webkiosk.R$anim: int abc_fade_out
com.blackMonster.webkiosk.R$anim: int abc_slide_in_bottom
com.blackMonster.webkiosk.R$anim: int abc_slide_in_top
com.blackMonster.webkiosk.R$anim: int abc_slide_out_bottom
com.blackMonster.webkiosk.R$anim: int abc_slide_out_top
com.blackMonster.webkiosk.R$array: int days_of_week
com.blackMonster.webkiosk.R$array: int pref_auto_update_entries
com.blackMonster.webkiosk.R$array: int pref_auto_update_values
com.blackMonster.webkiosk.R$array: int prefs_colg_code
com.blackMonster.webkiosk.R$array: int prefs_colg_name
com.blackMonster.webkiosk.R$array: int prefs_sem
com.blackMonster.webkiosk.R$attr: int actionBarDivider
com.blackMonster.webkiosk.R$attr: int actionBarItemBackground
com.blackMonster.webkiosk.R$attr: int actionBarSize
com.blackMonster.webkiosk.R$attr: int actionBarSplitStyle
com.blackMonster.webkiosk.R$attr: int actionBarStyle
com.blackMonster.webkiosk.R$attr: int actionBarTabBarStyle
com.blackMonster.webkiosk.R$attr: int actionBarTabStyle
com.blackMonster.webkiosk.R$attr: int actionBarTabTextStyle
com.blackMonster.webkiosk.R$attr: int actionBarWidgetTheme
com.blackMonster.webkiosk.R$attr: int actionButtonStyle
com.blackMonster.webkiosk.R$attr: int actionDropDownStyle
com.blackMonster.webkiosk.R$attr: int actionLayout
com.blackMonster.webkiosk.R$attr: int actionMenuTextAppearance
com.blackMonster.webkiosk.R$attr: int actionMenuTextColor
com.blackMonster.webkiosk.R$attr: int actionModeBackground
com.blackMonster.webkiosk.R$attr: int actionModeCloseButtonStyle
com.blackMonster.webkiosk.R$attr: int actionModeCloseDrawable
com.blackMonster.webkiosk.R$attr: int actionModeCopyDrawable
com.blackMonster.webkiosk.R$attr: int actionModeCutDrawable
com.blackMonster.webkiosk.R$attr: int actionModeFindDrawable
com.blackMonster.webkiosk.R$attr: int actionModePasteDrawable
com.blackMonster.webkiosk.R$attr: int actionModePopupWindowStyle
com.blackMonster.webkiosk.R$attr: int actionModeSelectAllDrawable
com.blackMonster.webkiosk.R$attr: int actionModeShareDrawable
...
com.google.tagmanager.TagManager$RefreshMode: com.google.tagmanager.TagManager$RefreshMode[] values()
com.google.tagmanager.TagManager$RefreshMode: com.google.tagmanager.TagManager$RefreshMode valueOf(java.lang.String)
com.google.tagmanager.protobuf.WireFormat$FieldType: com.google.tagmanager.protobuf.WireFormat$FieldType[] values()
com.google.tagmanager.protobuf.WireFormat$FieldType: com.google.tagmanager.protobuf.WireFormat$FieldType valueOf(java.lang.String)
com.google.tagmanager.protobuf.WireFormat$JavaType: com.google.tagmanager.protobuf.WireFormat$JavaType[] values()
com.google.tagmanager.protobuf.WireFormat$JavaType: com.google.tagmanager.protobuf.WireFormat$JavaType valueOf(java.lang.String)
com.sponsorpay.advertiser.InstallReferrerReceiver
com.sponsorpay.advertiser.InstallReferrerReceiver: InstallReferrerReceiver()
com.sponsorpay.mediation.SPMediationAdFormat
com.sponsorpay.mediation.SPMediationAdFormat: com.sponsorpay.mediation.SPMediationAdFormat RewardedVideo
com.sponsorpay.mediation.SPMediationAdFormat: com.sponsorpay.mediation.SPMediationAdFormat Interstitial
com.sponsorpay.mediation.SPMediationAdFormat: com.sponsorpay.mediation.SPMediationAdFormat[] ENUM$VALUES
com.sponsorpay.mediation.SPMediationAdFormat: void <clinit>()
com.sponsorpay.mediation.SPMediationAdFormat: SPMediationAdFormat(java.lang.String,int)
com.sponsorpay.mediation.SPMediationAdFormat: com.sponsorpay.mediation.SPMediationAdFormat[] values()
com.sponsorpay.mediation.SPMediationAdFormat: com.sponsorpay.mediation.SPMediationAdFormat valueOf(java.lang.String)
com.sponsorpay.mediation.SPMediationAdapter
com.sponsorpay.mediation.SPMediationAdapter: int[] $SWITCH_TABLE$com$sponsorpay$mediation$SPMediationAdFormat
com.sponsorpay.mediation.SPMediationAdapter: SPMediationAdapter()
com.sponsorpay.mediation.SPMediationAdapter: boolean startAdapter(android.app.Activity)
com.sponsorpay.mediation.SPMediationAdapter: java.lang.String getName()
com.sponsorpay.mediation.SPMediationAdapter: java.lang.String getVersion()
com.sponsorpay.mediation.SPMediationAdapter: com.sponsorpay.publisher.mbe.mediation.SPBrandEngageMediationAdapter getVideoMediationAdapter()
com.sponsorpay.mediation.SPMediationAdapter: com.sponsorpay.publisher.interstitial.mediation.SPInterstitialMediationAdapter getInterstitialMediationAdapter()
com.sponsorpay.mediation.SPMediationAdapter: boolean supportMediationFormat(com.sponsorpay.mediation.SPMediationAdFormat)
com.sponsorpay.mediation.SPMediationAdapter: void validateVideoNetwork(android.content.Context,com.sponsorpay.publisher.mbe.mediation.SPMediationValidationEvent,java.util.HashMap)
com.sponsorpay.mediation.SPMediationAdapter: void startVideoEngagement(android.app.Activity,com.sponsorpay.publisher.mbe.mediation.SPMediationVideoEvent,java.util.HashMap)
com.sponsorpay.mediation.SPMediationAdapter: boolean validateInterstitialNetwork(android.content.Context,com.sponsorpay.publisher.interstitial.SPInterstitialAd)
com.sponsorpay.mediation.SPMediationAdapter$1
com.sponsorpay.mediation.SPMediationAdapter$1: com.sponsorpay.mediation.SPMediationAdapter this$0
com.sponsorpay.mediation.SPMediationAdapter$1: java.lang.String val$methodName
com.sponsorpay.mediation.SPMediationAdapter$1: java.lang.Class[] val$classes
com.sponsorpay.mediation.SPMediationAdapter$1: java.lang.Object[] val$args
com.sponsorpay.mediation.SPMediationAdapter$1: SPMediationAdapter$1(com.sponsorpay.mediation.SPMediationAdapter,java.lang.String,java.lang.String,java.lang.Class[],java.lang.Object[])
com.sponsorpay.mediation.SPMediationAdapter$1: void run()