Webkiosk/proguard/usage.txt
com.blackMonster.webkiosk.AESencrp:
    78:88:public static byte[] hexToBytes(java.lang.String)
com.blackMonster.webkiosk.ActivityCustomerSupport:
    public static final java.lang.String SUPPORT_TYPE
    public static final java.lang.String OUR_EMAIL
com.blackMonster.webkiosk.AddClassDialog:
    public static final java.lang.String BROADCAST_ADD_CLASS_DIALOG
com.blackMonster.webkiosk.AlarmService:
    public static final java.lang.String TAG
    public static final java.lang.String PREF_AUTO_UPDATE_OVER
    public static final java.lang.String CALLER_TYPE
    public static final int BOOT_COMPLETE
    public static final int CONNECTIVITY_CHANGE
    public static final int INSTALLATION_DONE
    public static final int TIME_JUNCTION
    public static final double LAST_SERVER_UPDATE_IN_DAY
    public static final double WAIT_WIFI_UPTO
com.blackMonster.webkiosk.AtndOverviewActivity:
    public static final int ATTENDENCE_GOOD
    public static final int ATTENDENCE_AVG
    public static final java.lang.String ATND_NA
com.blackMonster.webkiosk.AttendenceData:
    static final java.lang.String TAG
    public static final java.lang.String DB_NAME
    public static final int DB_VERSION
    public static final java.lang.String SUB_CODE
    public static final java.lang.String SUB_NAME
com.blackMonster.webkiosk.AttendenceData$AttendenceOverviewTable:
    public static final java.lang.String C_CODE
    public static final java.lang.String C_NAME
    public static final java.lang.String C_OVERALL
    public static final java.lang.String C_LECTURE
    public static final java.lang.String C_TUTORIAL
    public static final java.lang.String C_PRACTICAL
    public static final java.lang.String C_IS_MODIFIED
    public static final int SUBJECT_CHANGED
    public static final int ERROR
    public static final int DONE
    258:277:public android.database.Cursor getData(java.lang.String,int)
com.blackMonster.webkiosk.AttendenceData$DetailedAttendenceTable:
    public static final java.lang.String C_SNO
    public static final java.lang.String C_DATE
    public static final java.lang.String C_ATTENDENCE_BY
    public static final java.lang.String C_STATUS
    public static final java.lang.String C_CLASS_TYPE
    public static final java.lang.String C_LTP
    475:477:public void close()
com.blackMonster.webkiosk.AttendenceData$SubjectLinkTable:
    public static final java.lang.String TABLE
    public static final java.lang.String C_CODE
    public static final java.lang.String C_LINK
    public static final java.lang.String C_LTP
com.blackMonster.webkiosk.BadHtmlSourceException:
    10:11:public BadHtmlSourceException(java.lang.String)
com.blackMonster.webkiosk.BaseActivity:
    public static final int OFFERWALL_REQUEST_CODE
com.blackMonster.webkiosk.BuildConfig
com.blackMonster.webkiosk.CreateDatabase:
    static final java.lang.String TAG
    public static final int DONE
    public static final int ERROR
    public static final java.lang.String HAS_DATABASE_CREATED
    18:18:public CreateDatabase()
com.blackMonster.webkiosk.DbHelper:
    static final java.lang.String TAG
    public static final java.lang.String DB_NAME
    public static final int DB_VERSION
com.blackMonster.webkiosk.DetailedAtndActivity:
    public static final java.lang.String TAG
    public static final java.lang.String SUB_CODE
    public static final java.lang.String SUB_NAME
com.blackMonster.webkiosk.FetchDetailedAttendence:
    static final java.lang.String TAG
com.blackMonster.webkiosk.IntentReceiver:
    static final java.lang.String TAG
com.blackMonster.webkiosk.LoginActivity:
    static final java.lang.String TAG
com.blackMonster.webkiosk.LogoutActivity:
    public static final java.lang.String TAG
    public static final java.lang.String FINISH
com.blackMonster.webkiosk.MainActivity:
    public static final java.lang.String TAG
    public static final java.lang.String PREFS_NAME
...
android.support.v4.view.accessibility.AccessibilityEventCompat$AccessibilityEventVersionImpl
android.support.v4.view.accessibility.AccessibilityEventCompatIcs
android.support.v4.view.accessibility.AccessibilityManagerCompat
android.support.v4.view.accessibility.AccessibilityManagerCompat$AccessibilityManagerIcsImpl
android.support.v4.view.accessibility.AccessibilityManagerCompat$AccessibilityManagerIcsImpl$1
android.support.v4.view.accessibility.AccessibilityManagerCompat$AccessibilityManagerStubImpl
android.support.v4.view.accessibility.AccessibilityManagerCompat$AccessibilityManagerVersionImpl
android.support.v4.view.accessibility.AccessibilityManagerCompat$AccessibilityStateChangeListenerCompat
android.support.v4.view.accessibility.AccessibilityManagerCompatIcs
android.support.v4.view.accessibility.AccessibilityManagerCompatIcs$1
android.support.v4.view.accessibility.AccessibilityManagerCompatIcs$AccessibilityStateChangeListenerBridge
android.support.v4.view.accessibility.AccessibilityNodeInfoCompat:
    public static final int ACTION_FOCUS
    public static final int ACTION_CLEAR_FOCUS
    public static final int ACTION_SELECT
    public static final int ACTION_CLEAR_SELECTION
    public static final int ACTION_CLICK
    public static final int ACTION_LONG_CLICK
    public static final int ACTION_ACCESSIBILITY_FOCUS
    public static final int ACTION_CLEAR_ACCESSIBILITY_FOCUS
    public static final int ACTION_NEXT_AT_MOVEMENT_GRANULARITY
    public static final int ACTION_PREVIOUS_AT_MOVEMENT_GRANULARITY
    public static final int ACTION_NEXT_HTML_ELEMENT
    public static final int ACTION_PREVIOUS_HTML_ELEMENT
    public static final int ACTION_SCROLL_FORWARD
    public static final int ACTION_SCROLL_BACKWARD
    public static final int ACTION_COPY
    public static final int ACTION_PASTE
    public static final int ACTION_CUT
    public static final int ACTION_SET_SELECTION
    public static final java.lang.String ACTION_ARGUMENT_MOVEMENT_GRANULARITY_INT
    public static final java.lang.String ACTION_ARGUMENT_HTML_ELEMENT_STRING
    public static final java.lang.String ACTION_ARGUMENT_EXTEND_SELECTION_BOOLEAN
    public static final java.lang.String ACTION_ARGUMENT_SELECTION_START_INT
    public static final java.lang.String ACTION_ARGUMENT_SELECTION_END_INT
    public static final int FOCUS_INPUT
    public static final int FOCUS_ACCESSIBILITY
android.support.v4.view.accessibility.AccessibilityNodeInfoCompat$AccessibilityNodeInfoIcsImpl:
    429:429:public java.lang.Object obtain()
    434:434:public java.lang.Object obtain(android.view.View)
    454:454:public java.util.List findAccessibilityNodeInfosByText(java.lang.Object,java.lang.String)
    474:474:public java.lang.Object getChild(java.lang.Object,int)
    479:479:public int getChildCount(java.lang.Object)
    499:499:public java.lang.Object getParent(java.lang.Object)
    509:509:public int getWindowId(java.lang.Object)
    564:564:public boolean performAction(java.lang.Object,int)
    579:580:public void setCheckable(java.lang.Object,boolean)
    584:585:public void setChecked(java.lang.Object,boolean)
    634:635:public void setPassword(java.lang.Object,boolean)
    654:655:public void setText(java.lang.Object,java.lang.CharSequence)